Flow report for 123
Tue Dec 11 16:04:14 2018
Quartus II Version 9.1 Build 350 03/24/2010 Service Pack 2 SJ Full Version


---------------------
; Table of Contents ;
---------------------
  1. Legal Notice
  2. Flow Summary
  3. Flow Settings
  4. Flow Non-Default Global Settings
  5. Flow Elapsed Time
  6. Flow OS Summary
  7. Flow Log



----------------
; Legal Notice ;
----------------
Copyright (C) 1991-2010 Altera Corporation
Your use of Altera Corporation's design tools, logic functions 
and other software and tools, and its AMPP partner logic 
functions, and any output files from any of the foregoing 
(including device programming or simulation files), and any 
associated documentation or information are expressly subject 
to the terms and conditions of the Altera Program License 
Subscription Agreement, Altera MegaCore Function License 
Agreement, or other applicable license agreement, including, 
without limitation, that your use is for the sole purpose of 
programming logic devices manufactured by Altera and sold by 
Altera or its authorized distributors.  Please refer to the 
applicable agreement for further details.



+------------------------------------------------------------------------------------+
; Flow Summary                                                                       ;
+------------------------------------+-----------------------------------------------+
; Flow Status                        ; Successful - Tue Dec 11 16:04:14 2018         ;
; Quartus II Version                 ; 9.1 Build 350 03/24/2010 SP 2 SJ Full Version ;
; Revision Name                      ; 123                                           ;
; Top-level Entity Name              ; main                                          ;
; Family                             ; Cyclone IV E                                  ;
; Device                             ; EP4CE115F29C7                                 ;
; Timing Models                      ; Preliminary                                   ;
; Met timing requirements            ; N/A                                           ;
; Total logic elements               ; 1,200 / 114,480 ( 1 % )                       ;
;     Total combinational functions  ; 1,150 / 114,480 ( 1 % )                       ;
;     Dedicated logic registers      ; 210 / 114,480 ( < 1 % )                       ;
; Total registers                    ; 210                                           ;
; Total pins                         ; 44 / 529 ( 8 % )                              ;
; Total virtual pins                 ; 0                                             ;
; Total memory bits                  ; 0 / 3,981,312 ( 0 % )                         ;
; Embedded Multiplier 9-bit elements ; 0 / 532 ( 0 % )                               ;
; Total PLLs                         ; 0 / 4 ( 0 % )                                 ;
+------------------------------------+-----------------------------------------------+


+-----------------------------------------+
; Flow Settings                           ;
+-------------------+---------------------+
; Option            ; Setting             ;
+-------------------+---------------------+
; Start date & time ; 12/11/2018 16:03:45 ;
; Main task         ; Compilation         ;
; Revision Name     ; 123                 ;
+-------------------+---------------------+


+---------------------------------------------------------------------------------------------------------------------------------------------------------------------------------------------+
; Flow Non-Default Global Settings                                                                                                                                                            ;
+------------------------------------+---------------------------------------------------------------------------------------------------------+---------------+-------------+----------------+
; Assignment Name                    ; Value                                                                                                   ; Default Value ; Entity Name ; Section Id     ;
+------------------------------------+---------------------------------------------------------------------------------------------------------+---------------+-------------+----------------+
; COMPILER_SIGNATURE_ID              ; 93179164539324.154455502410720                                                                          ; --            ; --          ; --             ;
; MAX_CORE_JUNCTION_TEMP             ; 85                                                                                                      ; --            ; --          ; --             ;
; MIN_CORE_JUNCTION_TEMP             ; 0                                                                                                       ; --            ; --          ; --             ;
; MISC_FILE                          ; C:/Users/vmmc2/Documents/New folder/123.dpf                                                             ; --            ; --          ; --             ;
; MISC_FILE                          ; C:/Users/zsmn/Desktop/New folder/123.dpf                                                                ; --            ; --          ; --             ;
; MISC_FILE                          ; C:/Users/pnc/Desktop/SD-Project-2-master/New folder/New folder/123.dpf                                  ; --            ; --          ; --             ;
; MISC_FILE                          ; C:/Users/vmmc2/Desktop/New folder/SD-Project-2-master/SD-Project-2-master/New folder/New folder/123.dpf ; --            ; --          ; --             ;
; MISC_FILE                          ; C:/Users/zsmn/Downloads/New folder/123.dpf                                                              ; --            ; --          ; --             ;
; NOMINAL_CORE_SUPPLY_VOLTAGE        ; 1.2V                                                                                                    ; --            ; --          ; --             ;
; PARTITION_COLOR                    ; 16764057                                                                                                ; --            ; main        ; Top            ;
; PARTITION_NETLIST_TYPE             ; SOURCE                                                                                                  ; --            ; main        ; Top            ;
; TOP_LEVEL_ENTITY                   ; main                                                                                                    ; 123           ; --          ; --             ;
; USE_GENERATED_PHYSICAL_CONSTRAINTS ; Off                                                                                                     ; --            ; --          ; eda_blast_fpga ;
+------------------------------------+---------------------------------------------------------------------------------------------------------+---------------+-------------+----------------+


+-------------------------------------------------------------------------------------------------------------------------------+
; Flow Elapsed Time                                                                                                             ;
+---------------------------+--------------+-------------------------+---------------------+------------------------------------+
; Module Name               ; Elapsed Time ; Average Processors Used ; Peak Virtual Memory ; Total CPU Time (on all processors) ;
+---------------------------+--------------+-------------------------+---------------------+------------------------------------+
; Analysis & Synthesis      ; 00:00:06     ; 1.0                     ; 269 MB              ; 00:00:06                           ;
; Fitter                    ; 00:00:15     ; 2.5                     ; 495 MB              ; 00:00:20                           ;
; Assembler                 ; 00:00:07     ; 1.0                     ; 463 MB              ; 00:00:06                           ;
; TimeQuest Timing Analyzer ; 00:00:04     ; 1.0                     ; 362 MB              ; 00:00:04                           ;
; Total                     ; 00:00:28     ; --                      ; --                  ; 00:00:32                           ;
+---------------------------+--------------+-------------------------+---------------------+------------------------------------+


+--------------------------------------------------------------------------------------------+
; Flow OS Summary                                                                            ;
+---------------------------+------------------+---------------+------------+----------------+
; Module Name               ; Machine Hostname ; OS Name       ; OS Version ; Processor type ;
+---------------------------+------------------+---------------+------------+----------------+
; Analysis & Synthesis      ; HWC29            ; Windows Vista ; 6.2        ; x86_64         ;
; Fitter                    ; HWC29            ; Windows Vista ; 6.2        ; x86_64         ;
; TimeQuest Timing Analyzer ; HWC29            ; Windows Vista ; 6.2        ; x86_64         ;
; Assembler                 ; HWC29            ; Windows Vista ; 6.2        ; x86_64         ;
+---------------------------+------------------+---------------+------------+----------------+


------------
; Flow Log ;
------------
quartus_map --read_settings_files=on --write_settings_files=off 123 -c 123
quartus_fit --read_settings_files=off --write_settings_files=off 123 -c 123
quartus_sta 123 -c 123
quartus_asm --read_settings_files=off --write_settings_files=off 123 -c 123



